Starting image reference update...
Looking for images WITHOUT imagepolicy comment...

  Updated: ./apps/cnp/plum-recipe-receiver/demo.yaml
    Old:       image: hmctspublic.azurecr.io/plum/recipe-receiver:prod-a4fb3c1-20250904065133 #{"$imagepolicy": "flux-system:plum-recipe-receiver"}
    New:       image: hmctsprod.azurecr.io/plum/recipe-receiver:prod-a4fb3c1-20250904065133 #{"$imagepolicy": "flux-system:plum-recipe-receiver"}
  Updated: ./apps/cnp/plum-recipe-receiver/perftest.yaml
    Old:       image: hmctspublic.azurecr.io/plum/recipe-receiver:prod-a4fb3c1-20250904065133 #{"$imagepolicy": "flux-system:plum-recipe-receiver"}
    New:       image: hmctsprod.azurecr.io/plum/recipe-receiver:prod-a4fb3c1-20250904065133 #{"$imagepolicy": "flux-system:plum-recipe-receiver"}
  Updated: ./apps/cnp/plum-recipe-receiver/plum-recipe-receiver.yaml
    Old:       image: hmctspublic.azurecr.io/plum/recipe-receiver:prod-1100a0e-20220609130124
    New:       image: hmctsprod.azurecr.io/plum/recipe-receiver:prod-1100a0e-20220609130124
  Updated: ./apps/cnp/plum-recipe-receiver/aat.yaml
    Old:       image: hmctspublic.azurecr.io/plum/recipe-receiver:prod-a4fb3c1-20250904065133 #{"$imagepolicy": "flux-system:plum-recipe-receiver"}
    New:       image: hmctsprod.azurecr.io/plum/recipe-receiver:prod-a4fb3c1-20250904065133 #{"$imagepolicy": "flux-system:plum-recipe-receiver"}
  Updated: ./apps/cnp/plum-recipe-receiver/ithc.yaml
    Old:       image: hmctspublic.azurecr.io/plum/recipe-receiver:prod-a4fb3c1-20250904065133 #{"$imagepolicy": "flux-system:plum-recipe-receiver"}
    New:       image: hmctsprod.azurecr.io/plum/recipe-receiver:prod-a4fb3c1-20250904065133 #{"$imagepolicy": "flux-system:plum-recipe-receiver"}
  Updated: ./apps/cnp/plum-recipe-receiver/image-repo.yaml
    Old:   image: hmctspublic.azurecr.io/plum/recipe-receiver
    New:   image: hmctsprod.azurecr.io/plum/recipe-receiver
  Updated: ./apps/cnp/plum-recipe-receiver/sbox.yaml
    Old:       image: hmctspublic.azurecr.io/plum/recipe-receiver:prod-a4fb3c1-20250904065133 #{"$imagepolicy": "flux-system:plum-recipe-receiver"}
    New:       image: hmctsprod.azurecr.io/plum/recipe-receiver:prod-a4fb3c1-20250904065133 #{"$imagepolicy": "flux-system:plum-recipe-receiver"}
  Updated: ./apps/cnp/plum-recipe-receiver/prod.yaml
    Old:       image: hmctspublic.azurecr.io/plum/recipe-receiver:prod-a4fb3c1-20250904065133 #{"$imagepolicy": "flux-system:plum-recipe-receiver"}
    New:       image: hmctsprod.azurecr.io/plum/recipe-receiver:prod-a4fb3c1-20250904065133 #{"$imagepolicy": "flux-system:plum-recipe-receiver"}
  Updated: ./apps/cnp/plum-recipe-backend/image-repo.yaml
    Old:   image: hmctspublic.azurecr.io/plum/recipe-backend
    New:   image: hmctsprod.azurecr.io/plum/recipe-backend
  Updated: ./apps/cnp/plum-recipe-backend/recipe-backend-test-image-repo.yaml
    Old:   image: hmctspublic.azurecr.io/plum/recipe-backend-test
    New:   image: hmctsprod.azurecr.io/plum/recipe-backend-test
  Updated: ./apps/cnp/plum-batch/plum-batch.yaml
    Old:     image: hmctspublic.azurecr.io/hmcts/plum-batch:latest
    New:     image: hmctsprod.azurecr.io/hmcts/plum-batch:latest
  Updated: ./apps/cnp/recipes-frontend/image-repo.yaml
    Old:   image: hmctspublic.azurecr.io/recipes/frontend
    New:   image: hmctsprod.azurecr.io/recipes/frontend
  Updated: ./apps/cnp/plum-recipe-backend-apim-test/plum-recipe-backend-apim-test.yaml
    Old:       image: hmctspublic.azurecr.io/plum/recipe-backend:prod-fed69ed-20251002095610
    New:       image: hmctsprod.azurecr.io/plum/recipe-backend:prod-fed69ed-20251002095610
  Updated: ./apps/cnp/recipes-backend/image-repo.yaml
    Old:   image: hmctspublic.azurecr.io/recipes/backend
    New:   image: hmctsprod.azurecr.io/recipes/backend
  Updated: ./apps/pcs/pcs-frontend/pcs-frontend.yaml
    Old:       image: hmctspublic.azurecr.io/pcs/frontend:prod-2825298-20260217153134 #{"$imagepolicy": "flux-system:pcs-frontend"}
    New:       image: hmctsprod.azurecr.io/pcs/frontend:prod-2825298-20260217153134 #{"$imagepolicy": "flux-system:pcs-frontend"}
  Updated: ./apps/pcs/pcs-api/image-repo.yaml
    Old:   image: hmctspublic.azurecr.io/pcs/api
    New:   image: hmctsprod.azurecr.io/pcs/api
  Updated: ./apps/pcs/pcs-api/pcs-api.yaml
    Old:       image: hmctspublic.azurecr.io/pcs/api:prod-8c3c5c8-20260219143622 #{"$imagepolicy": "flux-system:pcs-api"}
    New:       image: hmctsprod.azurecr.io/pcs/api:prod-8c3c5c8-20260219143622 #{"$imagepolicy": "flux-system:pcs-api"}
